<?xml version="1.0" encoding="UTF-8"?>
<testng-results ignored="0" total="3" passed="3" failed="0" skipped="0">
  <reporter-output>
  </reporter-output>
  <suite started-at="2023-12-11T13:10:06 ICT" name="Default suite" finished-at="2023-12-11T13:10:28 ICT" duration-ms="21458">
    <groups>
    </groups>
    <test started-at="2023-12-11T13:10:06 ICT" name="Default test" finished-at="2023-12-11T13:10:28 ICT" duration-ms="21458">
      <class name="TESTCASES.Test_Preview_Category">
        <test-method is-config="true" signature="setUp()[pri:0, instance:TESTCASES.Test_Preview_Category@f5acb9d]" started-at="2023-12-11T13:10:06 ICT" name="setUp" finished-at="2023-12-11T13:10:07 ICT" duration-ms="1030" status="PASS">
          <reporter-output>
          </reporter-output>
        </test-method> <!-- setUp -->
        <test-method signature="test_Preview_Category(java.lang.String,java.lang.String,java.lang.String)[pri:0, instance:TESTCASES.Test_Preview_Category@f5acb9d]" started-at="2023-12-11T13:10:08 ICT" name="test_Preview_Category" data-provider="testData" finished-at="2023-12-11T13:10:18 ICT" duration-ms="9793" status="PASS">
          <params>
            <param index="0">
              <value>
                <![CDATA[bientapvien]]>
              </value>
            </param>
            <param index="1">
              <value>
                <![CDATA[1]]>
              </value>
            </param>
            <param index="2">
              <value>
                <![CDATA[Giới thiệu]]>
              </value>
            </param>
          </params>
          <reporter-output>
          </reporter-output>
        </test-method> <!-- test_Preview_Category -->
        <test-method signature="test_Preview_Category(java.lang.String,java.lang.String,java.lang.String)[pri:0, instance:TESTCASES.Test_Preview_Category@f5acb9d]" started-at="2023-12-11T13:10:18 ICT" name="test_Preview_Category" data-provider="testData" finished-at="2023-12-11T13:10:25 ICT" duration-ms="7616" status="PASS">
          <params>
            <param index="0">
              <value>
                <![CDATA[bientapvien]]>
              </value>
            </param>
            <param index="1">
              <value>
                <![CDATA[1]]>
              </value>
            </param>
            <param index="2">
              <value>
                <![CDATA[abcd]]>
              </value>
            </param>
          </params>
          <reporter-output>
          </reporter-output>
        </test-method> <!-- test_Preview_Category -->
        <test-method signature="test_Preview_Category(java.lang.String,java.lang.String,java.lang.String)[pri:0, instance:TESTCASES.Test_Preview_Category@f5acb9d]" started-at="2023-12-11T13:10:25 ICT" name="test_Preview_Category" data-provider="testData" finished-at="2023-12-11T13:10:28 ICT" duration-ms="2375" status="PASS">
          <params>
            <param index="0">
              <value>
                <![CDATA[congtacvien]]>
              </value>
            </param>
            <param index="1">
              <value>
                <![CDATA[1]]>
              </value>
            </param>
            <param index="2">
              <value>
                <![CDATA[Giới thiệu]]>
              </value>
            </param>
          </params>
          <reporter-output>
          </reporter-output>
        </test-method> <!-- test_Preview_Category -->
        <test-method is-config="true" signature="tearDown()[pri:0, instance:TESTCASES.Test_Preview_Category@f5acb9d]" started-at="2023-12-11T13:10:28 ICT" name="tearDown" finished-at="2023-12-11T13:10:28 ICT" duration-ms="150" status="PASS">
          <reporter-output>
          </reporter-output>
        </test-method> <!-- tearDown -->
      </class> <!-- TESTCASES.Test_Preview_Category -->
    </test> <!-- Default test -->
  </suite> <!-- Default suite -->
</testng-results>
