<?xml version="1.0" encoding="UTF-8"?>
<!-- Generated by org.testng.reporters.JUnitXMLReporter -->
<testsuite ignored="0" hostname="laptopcuatruong" failures="0" tests="3" name="Default test" time="21.458" errors="0" timestamp="2023-12-11T13:10:28 ICT">
  <testcase classname="TESTCASES.Test_Preview_Category" name="test_Preview_Category" time="9.793"/>
  <testcase classname="TESTCASES.Test_Preview_Category" name="test_Preview_Category" time="7.616"/>
  <testcase classname="TESTCASES.Test_Preview_Category" name="test_Preview_Category" time="2.375"/>
</testsuite> <!-- Default test -->
